<?xml version="1.0" encoding="UTF-8"?>
<!-- Generated by org.testng.reporters.JUnitReportReporter -->
<testsuite hostname="DESKTOP-NE5DNC7" failures="0" tests="3" name="TestRunner.RunnerTest" time="92.781" errors="0" timestamp="2023-07-31T09:57:03 IST" skipped="0">
  <testcase classname="TestRunner.RunnerTest" name="runScenario" time="35.663"/>
  <system-out/>
  <testcase classname="TestRunner.RunnerTest" name="runScenario" time="32.901"/>
  <system-out/>
  <testcase classname="TestRunner.RunnerTest" name="runScenario" time="24.217"/>
  <system-out/>
</testsuite> <!-- TestRunner.RunnerTest -->
